# JRE version: OpenJDK Runtime Environment (8.0_242-b01) (build 1.8.0_242-release-1644-b01)
# Java VM: OpenJDK 64-Bit Server VM (25.242-b01 mixed mode windows-amd64 compressed oops)
Heap:
 PSYoungGen      total 594944K, used 335479K [0x00000000d5580000, 0x00000000ff480000, 0x0000000100000000)
  eden space 515584K, 62% used [0x00000000d5580000,0x00000000e921aad8,0x00000000f4d00000)
  from space 79360K, 14% used [0x00000000f4d00000,0x00000000f58031b0,0x00000000f9a80000)
  to   space 76288K, 0% used [0x00000000faa00000,0x00000000faa00000,0x00000000ff480000)
 ParOldGen       total 468992K, used 125526K [0x0000000080000000, 0x000000009ca00000, 0x00000000d5580000)
  object space 468992K, 26% used [0x0000000080000000,0x0000000087a95a28,0x000000009ca00000)
 Metaspace       used 134347K, capacity 143736K, committed 159128K, reserved 1189888K
  class space    used 16438K, capacity 18053K, committed 19376K, reserved 1048576K
GC Heap History (10 events):
Event: 10089.734 GC heap before
{Heap before GC invocations=48 (full 4):
 PSYoungGen      total 596480K, used 596323K [0x00000000d5580000, 0x0000000100000000, 0x0000000100000000)
  eden space 520192K, 100% used [0x00000000d5580000,0x00000000f5180000,0x00000000f5180000)
  from space 76288K, 99% used [0x00000000f5180000,0x00000000f9bd8d98,0x00000000f9c00000)
  to   space 97792K, 0% used [0x00000000fa080000,0x00000000fa080000,0x0000000100000000)
 ParOldGen       total 336384K, used 301573K [0x0000000080000000, 0x0000000094880000, 0x00000000d5580000)
  object space 336384K, 89% used [0x0000000080000000,0x00000000926814c0,0x0000000094880000)
 Metaspace       used 144882K, capacity 154852K, committed 155032K, reserved 1185792K
  class space    used 17191K, capacity 19036K, committed 19120K, reserved 1048576K
Event: 10089.756 GC heap after
Heap after GC invocations=48 (full 4):
 PSYoungGen      total 607744K, used 20259K [0x00000000d5580000, 0x0000000100000000, 0x0000000100000000)
  eden space 509952K, 0% used [0x00000000d5580000,0x00000000d5580000,0x00000000f4780000)
  from space 97792K, 20% used [0x00000000fa080000,0x00000000fb448d60,0x0000000100000000)
  to   space 91136K, 0% used [0x00000000f4780000,0x00000000f4780000,0x00000000fa080000)
 ParOldGen       total 336384K, used 301957K [0x0000000080000000, 0x0000000094880000, 0x00000000d5580000)
  object space 336384K, 89% used [0x0000000080000000,0x00000000926e14c0,0x0000000094880000)
 Metaspace       used 144882K, capacity 154852K, committed 155032K, reserved 1185792K
  class space    used 17191K, capacity 19036K, committed 19120K, reserved 1048576K
}
Event: 10165.534 GC heap before
{Heap before GC invocations=49 (full 4):
 PSYoungGen      total 607744K, used 530211K [0x00000000d5580000, 0x0000000100000000, 0x0000000100000000)
  eden space 509952K, 100% used [0x00000000d5580000,0x00000000f4780000,0x00000000f4780000)
  from space 97792K, 20% used [0x00000000fa080000,0x00000000fb448d60,0x0000000100000000)
  to   space 91136K, 0% used [0x00000000f4780000,0x00000000f4780000,0x00000000fa080000)
 ParOldGen       total 336384K, used 301957K [0x0000000080000000, 0x0000000094880000, 0x00000000d5580000)
  object space 336384K, 89% used [0x0000000080000000,0x00000000926e14c0,0x0000000094880000)
 Metaspace       used 146701K, capacity 156792K, committed 156952K, reserved 1187840K
  class space    used 17290K, capacity 19184K, committed 19248K, reserved 1048576K
Event: 10165.551 GC heap after
Heap after GC invocations=49 (full 4):
 PSYoungGen      total 536064K, used 25806K [0x00000000d5580000, 0x00000000fed80000, 0x0000000100000000)
  eden space 509952K, 0% used [0x00000000d5580000,0x00000000d5580000,0x00000000f4780000)
  from space 26112K, 98% used [0x00000000f4780000,0x00000000f60b3bf8,0x00000000f6100000)
  to   space 84992K, 0% used [0x00000000f9a80000,0x00000000f9a80000,0x00000000fed80000)
 ParOldGen       total 336384K, used 303253K [0x0000000080000000, 0x0000000094880000, 0x00000000d5580000)
  object space 336384K, 90% used [0x0000000080000000,0x0000000092825550,0x0000000094880000)
 Metaspace       used 146701K, capacity 156792K, committed 156952K, reserved 1187840K
  class space    used 17290K, capacity 19184K, committed 19248K, reserved 1048576K
}
Event: 10278.999 GC heap before
{Heap before GC invocations=50 (full 4):
 PSYoungGen      total 536064K, used 535758K [0x00000000d5580000, 0x00000000fed80000, 0x0000000100000000)
  eden space 509952K, 100% used [0x00000000d5580000,0x00000000f4780000,0x00000000f4780000)
  from space 26112K, 98% used [0x00000000f4780000,0x00000000f60b3bf8,0x00000000f6100000)
  to   space 84992K, 0% used [0x00000000f9a80000,0x00000000f9a80000,0x00000000fed80000)
 ParOldGen       total 336384K, used 303253K [0x0000000080000000, 0x0000000094880000, 0x00000000d5580000)
  object space 336384K, 90% used [0x0000000080000000,0x0000000092825550,0x0000000094880000)
 Metaspace       used 148641K, capacity 158878K, committed 159128K, reserved 1189888K
  class space    used 17401K, capacity 19339K, committed 19376K, reserved 1048576K
Event: 10279.030 GC heap after
Heap after GC invocations=50 (full 4):
 PSYoungGen      total 600576K, used 26431K [0x00000000d5580000, 0x0000000100000000, 0x0000000100000000)
  eden space 515584K, 0% used [0x00000000d5580000,0x00000000d5580000,0x00000000f4d00000)
  from space 84992K, 31% used [0x00000000f9a80000,0x00000000fb44fe30,0x00000000fed80000)
  to   space 79360K, 0% used [0x00000000f4d00000,0x00000000f4d00000,0x00000000f9a80000)
 ParOldGen       total 336384K, used 317607K [0x0000000080000000, 0x0000000094880000, 0x00000000d5580000)
  object space 336384K, 94% used [0x0000000080000000,0x0000000093629ec8,0x0000000094880000)
 Metaspace       used 148641K, capacity 158878K, committed 159128K, reserved 1189888K
  class space    used 17401K, capacity 19339K, committed 19376K, reserved 1048576K
}
Event: 10279.030 GC heap before
{Heap before GC invocations=51 (full 5):
 PSYoungGen      total 600576K, used 26431K [0x00000000d5580000, 0x0000000100000000, 0x0000000100000000)
  eden space 515584K, 0% used [0x00000000d5580000,0x00000000d5580000,0x00000000f4d00000)
  from space 84992K, 31% used [0x00000000f9a80000,0x00000000fb44fe30,0x00000000fed80000)
  to   space 79360K, 0% used [0x00000000f4d00000,0x00000000f4d00000,0x00000000f9a80000)
 ParOldGen       total 336384K, used 317607K [0x0000000080000000, 0x0000000094880000, 0x00000000d5580000)
  object space 336384K, 94% used [0x0000000080000000,0x0000000093629ec8,0x0000000094880000)
 Metaspace       used 148641K, capacity 158878K, committed 159128K, reserved 1189888K
  class space    used 17401K, capacity 19339K, committed 19376K, reserved 1048576K
Event: 10279.451 GC heap after
Heap after GC invocations=51 (full 5):
 PSYoungGen      total 600576K, used 0K [0x00000000d5580000, 0x0000000100000000, 0x0000000100000000)
  eden space 515584K, 0% used [0x00000000d5580000,0x00000000d5580000,0x00000000f4d00000)
  from space 84992K, 0% used [0x00000000f9a80000,0x00000000f9a80000,0x00000000fed80000)
  to   space 79360K, 0% used [0x00000000f4d00000,0x00000000f4d00000,0x00000000f9a80000)
 ParOldGen       total 468992K, used 125518K [0x0000000080000000, 0x000000009ca00000, 0x00000000d5580000)
  object space 468992K, 26% used [0x0000000080000000,0x0000000087a93a28,0x000000009ca00000)
 Metaspace       used 132360K, capacity 141546K, committed 159128K, reserved 1189888K
  class space    used 16342K, capacity 17916K, committed 19376K, reserved 1048576K
}
Event: 10324.689 GC heap before
{Heap before GC invocations=52 (full 5):
 PSYoungGen      total 600576K, used 515584K [0x00000000d5580000, 0x0000000100000000, 0x0000000100000000)
  eden space 515584K, 100% used [0x00000000d5580000,0x00000000f4d00000,0x00000000f4d00000)
  from space 84992K, 0% used [0x00000000f9a80000,0x00000000f9a80000,0x00000000fed80000)
  to   space 79360K, 0% used [0x00000000f4d00000,0x00000000f4d00000,0x00000000f9a80000)
 ParOldGen       total 468992K, used 125518K [0x0000000080000000, 0x000000009ca00000, 0x00000000d5580000)
  object space 468992K, 26% used [0x0000000080000000,0x0000000087a93a28,0x000000009ca00000)
 Metaspace       used 132668K, capacity 142068K, committed 159128K, reserved 1189888K
  class space    used 16360K, capacity 17947K, committed 19376K, reserved 1048576K
Event: 10324.714 GC heap after
Heap after GC invocations=52 (full 5):
 PSYoungGen      total 594944K, used 11276K [0x00000000d5580000, 0x00000000ff480000, 0x0000000100000000)
  eden space 515584K, 0% used [0x00000000d5580000,0x00000000d5580000,0x00000000f4d00000)
  from space 79360K, 14% used [0x00000000f4d00000,0x00000000f58031b0,0x00000000f9a80000)
  to   space 76288K, 0% used [0x00000000faa00000,0x00000000faa00000,0x00000000ff480000)
 ParOldGen       total 468992K, used 125526K [0x0000000080000000, 0x000000009ca00000, 0x00000000d5580000)
  object space 468992K, 26% used [0x0000000080000000,0x0000000087a95a28,0x000000009ca00000)
 Metaspace       used 132668K, capacity 142068K, committed 159128K, reserved 1189888K
  class space    used 16360K, capacity 17947K, committed 19376K, reserved 1048576K
}

